<html>
<head>
<title>TestNG:  stock</title>
<link href="../testng.css" rel="stylesheet" type="text/css" />
<link href="../my-testng.css" rel="stylesheet" type="text/css" />

<style type="text/css">
.log { display: none;} 
.stack-trace { display: none;} 
</style>
<script type="text/javascript">
<!--
function flip(e) {
  current = e.style.display;
  if (current == 'block') {
    e.style.display = 'none';
    return 0;
  }
  else {
    e.style.display = 'block';
    return 1;
  }
}

function toggleBox(szDivId, elem, msg1, msg2)
{
  var res = -1;  if (document.getElementById) {
    res = flip(document.getElementById(szDivId));
  }
  else if (document.all) {
    // this is the way old msie versions work
    res = flip(document.all[szDivId]);
  }
  if(elem) {
    if(res == 0) elem.innerHTML = msg1; else elem.innerHTML = msg2;
  }

}

function toggleAllBoxes() {
  if (document.getElementsByTagName) {
    d = document.getElementsByTagName('div');
    for (i = 0; i < d.length; i++) {
      if (d[i].className == 'log') {
        flip(d[i]);
      }
    }
  }
}

// -->
</script>

</head>
<body>
<h2 align='center'>stock</h2><table border='1' align="center">
<tr>
<td>Tests passed/Failed/Skipped:</td><td>1/2/8</td>
</tr><tr>
<td>Started on:</td><td>Thu May 04 15:21:12 CST 2017</td>
</tr>
<tr><td>Total time:</td><td>18 seconds (18080 ms)</td>
</tr><tr>
<td>Included groups:</td><td></td>
</tr><tr>
<td>Excluded groups:</td><td></td>
</tr>
</table><p/>
<small><i>(Hover the method name to see the test class name)</i></small><p/>
<table width='100%' border='1' class='invocation-failed'>
<tr><td colspan='4' align='center'><b>FAILED TESTS</b></td></tr>
<tr><td><b>Test method</b></td>
<td width="30%"><b>Exception</b></td>
<td width="10%"><b>Time (seconds)</b></td>
<td><b>Instance</b></td>
</tr>
<tr>
<td title='com.acsm.test.testcases.stock.enterstock.EnterStock_Test.enterStockWorkflow()'><b>enterStockWorkflow</b><br>Test class: com.acsm.test.testcases.stock.enterstock.EnterStock_Test<br/>
<a href="#Output-5023188" onClick='toggleBox("Output-5023188", this, "Show output", "Hide output");'>Show output</a>

<a href="#Output-5023188" onClick="toggleAllBoxes();">Show all outputs</a>
<div class='log' id="Output-5023188">
result/screenshot/2017_05_04_15_21_28_enterStockWorkflow.jpg<br/>
<img src="../../result/screenshot/2017_05_04_15_21_28_enterStockWorkflow.jpg"/><br/>
</div>
</td>
<td><div><pre>org.openqa.selenium.NoSuchElementException: no such element: Unable to locate element: {&quot;method&quot;:&quot;xpath&quot;,&quot;selector&quot;:&quot;//img[contains(@src,&apos;left_icon_3.png&apos;)]&quot;}
  (Session info: chrome=56.0.2924.87)
  (Driver info: chromedriver=2.27.440174 (e97a722caafc2d3a8b807ee115bfb307f7d2cfd9),platform=Windows NT 6.1.7601 SP1 x86_64) (WARNING: The server did not provide any stacktrace information)
Command duration or timeout: 10 milliseconds
For documentation on this error, please visit: http://seleniumhq.org/exceptions/no_such_element.html
Build info: version: &apos;3.4.0&apos;, revision: &apos;unknown&apos;, time: &apos;unknown&apos;
System info: host: &apos;PC-201704071546&apos;, ip: &apos;192.168.153.1&apos;, os.name: &apos;Windows 7&apos;, os.arch: &apos;amd64&apos;, os.version: &apos;6.1&apos;, java.version: &apos;1.8.0_111&apos;
Driver info: org.openqa.selenium.chrome.ChromeDriver
Capabilities [{applicationCacheEnabled=false, rotatable=false, mobileEmulationEnabled=false, networkConnectionEnabled=false, chrome={chromedriverVersion=2.27.440174 (e97a722caafc2d3a8b807ee115bfb307f7d2cfd9), userDataDir=C:\Users\ADMINI~1\AppData\Local\Temp\scoped_dir8568_31277}, takesHeapSnapshot=true, pageLoadStrategy=normal, databaseEnabled=false, handlesAlerts=true, hasTouchScreen=false, version=56.0.2924.87, platform=XP, browserConnectionEnabled=false, nativeEvents=true, acceptSslCerts=true, locationContextEnabled=true, webStorageEnabled=true, browserName=chrome, takesScreenshot=true, javascriptEnabled=true, cssSelectorsEnabled=true, unexpectedAlertBehaviour=}]
Session ID: c5dc377aba089d9cd3dbf75cbcdfa63e
*** Element info: {Using=xpath, value=//img[contains(@src,&apos;left_icon_3.png&apos;)]}
	at org.openqa.selenium.remote.ErrorHandler.createThrowable(ErrorHandler.java:215)
	at org.openqa.selenium.remote.ErrorHandler.throwIfResponseFailed(ErrorHandler.java:167)
	at org.openqa.selenium.remote.RemoteWebDriver.execute(RemoteWebDriver.java:671)
	at org.openqa.selenium.remote.RemoteWebDriver.findElement(RemoteWebDriver.java:410)
	at org.openqa.selenium.remote.RemoteWebDriver.findElementByXPath(RemoteWebDriver.java:509)
	at org.openqa.selenium.By$ByXPath.findElement(By.java:361)
	at org.openqa.selenium.remote.RemoteWebDriver.findElement(RemoteWebDriver.java:402)
	at com.acsm.test.utils.SeleniumUtil.highlightElement(SeleniumUtil.java:115)
	at com.acsm.test.utils.SeleniumUtil.mouseMoveToElement(SeleniumUtil.java:549)
	at com.acsm.test.testpages.stock.enter.EnterStock.enterStock(EnterStock.java:20)
	at com.acsm.test.testcases.stock.enterstock.EnterStock_Test.enterStockWorkflow(EnterStock_Test.java:18)
	at java.util.concurrent.FutureTask.run(Unknown Source)
	at java.util.concurrent.ThreadPoolExecutor.runWorker(Unknown Source)
	at java.util.concurrent.ThreadPoolExecutor$Worker.run(Unknown Source)
	at java.lang.Thread.run(Unknown Source)
... Removed 20 stack frames</pre></div><a href='#' onClick='toggleBox("stack-trace5023188", this, "Click to show all stack frames", "Click to hide stack frames")'>Click to show all stack frames</a>
<div class='stack-trace' id='stack-trace5023188'><pre>org.openqa.selenium.NoSuchElementException: no such element: Unable to locate element: {&quot;method&quot;:&quot;xpath&quot;,&quot;selector&quot;:&quot;//img[contains(@src,&apos;left_icon_3.png&apos;)]&quot;}
  (Session info: chrome=56.0.2924.87)
  (Driver info: chromedriver=2.27.440174 (e97a722caafc2d3a8b807ee115bfb307f7d2cfd9),platform=Windows NT 6.1.7601 SP1 x86_64) (WARNING: The server did not provide any stacktrace information)
Command duration or timeout: 10 milliseconds
For documentation on this error, please visit: http://seleniumhq.org/exceptions/no_such_element.html
Build info: version: &apos;3.4.0&apos;, revision: &apos;unknown&apos;, time: &apos;unknown&apos;
System info: host: &apos;PC-201704071546&apos;, ip: &apos;192.168.153.1&apos;, os.name: &apos;Windows 7&apos;, os.arch: &apos;amd64&apos;, os.version: &apos;6.1&apos;, java.version: &apos;1.8.0_111&apos;
Driver info: org.openqa.selenium.chrome.ChromeDriver
Capabilities [{applicationCacheEnabled=false, rotatable=false, mobileEmulationEnabled=false, networkConnectionEnabled=false, chrome={chromedriverVersion=2.27.440174 (e97a722caafc2d3a8b807ee115bfb307f7d2cfd9), userDataDir=C:\Users\ADMINI~1\AppData\Local\Temp\scoped_dir8568_31277}, takesHeapSnapshot=true, pageLoadStrategy=normal, databaseEnabled=false, handlesAlerts=true, hasTouchScreen=false, version=56.0.2924.87, platform=XP, browserConnectionEnabled=false, nativeEvents=true, acceptSslCerts=true, locationContextEnabled=true, webStorageEnabled=true, browserName=chrome, takesScreenshot=true, javascriptEnabled=true, cssSelectorsEnabled=true, unexpectedAlertBehaviour=}]
Session ID: c5dc377aba089d9cd3dbf75cbcdfa63e
*** Element info: {Using=xpath, value=//img[contains(@src,&apos;left_icon_3.png&apos;)]}
	at sun.reflect.NativeConstructorAccessorImpl.newInstance0(Native Method)
	at sun.reflect.NativeConstructorAccessorImpl.newInstance(Unknown Source)
	at sun.reflect.DelegatingConstructorAccessorImpl.newInstance(Unknown Source)
	at java.lang.reflect.Constructor.newInstance(Unknown Source)
	at org.openqa.selenium.remote.ErrorHandler.createThrowable(ErrorHandler.java:215)
	at org.openqa.selenium.remote.ErrorHandler.throwIfResponseFailed(ErrorHandler.java:167)
	at org.openqa.selenium.remote.RemoteWebDriver.execute(RemoteWebDriver.java:671)
	at org.openqa.selenium.remote.RemoteWebDriver.findElement(RemoteWebDriver.java:410)
	at org.openqa.selenium.remote.RemoteWebDriver.findElementByXPath(RemoteWebDriver.java:509)
	at org.openqa.selenium.By$ByXPath.findElement(By.java:361)
	at org.openqa.selenium.remote.RemoteWebDriver.findElement(RemoteWebDriver.java:402)
	at com.acsm.test.utils.SeleniumUtil.highlightElement(SeleniumUtil.java:115)
	at com.acsm.test.utils.SeleniumUtil.mouseMoveToElement(SeleniumUtil.java:549)
	at com.acsm.test.testpages.stock.enter.EnterStock.enterStock(EnterStock.java:20)
	at com.acsm.test.testcases.stock.enterstock.EnterStock_Test.enterStockWorkflow(EnterStock_Test.java:18)
	at sun.reflect.NativeMethodAccessorImpl.invoke0(Native Method)
	at sun.reflect.NativeMethodAccessorImpl.invoke(Unknown Source)
	at sun.reflect.DelegatingMethodAccessorImpl.invoke(Unknown Source)
	at java.lang.reflect.Method.invoke(Unknown Source)
	at org.testng.internal.MethodInvocationHelper.invokeMethod(MethodInvocationHelper.java:108)
	at org.testng.internal.Invoker.invokeMethod(Invoker.java:661)
	at org.testng.internal.Invoker.retryFailed(Invoker.java:1014)
	at org.testng.internal.Invoker.invokeTestMethods(Invoker.java:1215)
	at org.testng.internal.TestMethodWorker.invokeTestMethods(TestMethodWorker.java:126)
	at org.testng.internal.TestMethodWorker.run(TestMethodWorker.java:109)
	at org.testng.TestRunner.privateRun(TestRunner.java:744)
	at org.testng.TestRunner.run(TestRunner.java:602)
	at org.testng.SuiteRunner.runTest(SuiteRunner.java:380)
	at org.testng.SuiteRunner.access$000(SuiteRunner.java:39)
	at org.testng.SuiteRunner$SuiteWorker.run(SuiteRunner.java:414)
	at org.testng.internal.thread.ThreadUtil$1.call(ThreadUtil.java:52)
	at java.util.concurrent.FutureTask.run(Unknown Source)
	at java.util.concurrent.ThreadPoolExecutor.runWorker(Unknown Source)
	at java.util.concurrent.ThreadPoolExecutor$Worker.run(Unknown Source)
	at java.lang.Thread.run(Unknown Source)
</pre></div></td>
<td>0</td>
<td>com.acsm.test.testcases.stock.enterstock.EnterStock_Test@33c7e1bb</td></tr>
<tr>
<td title='com.acsm.test.testcases.stock.inventoryfile.InventoryStock_Test.inventoryStockWorkflow()'><b>inventoryStockWorkflow</b><br>Test class: com.acsm.test.testcases.stock.inventoryfile.InventoryStock_Test<br/>
<a href="#Output-1518188768" onClick='toggleBox("Output-1518188768", this, "Show output", "Hide output");'>Show output</a>

<a href="#Output-1518188768" onClick="toggleAllBoxes();">Show all outputs</a>
<div class='log' id="Output-1518188768">
result/screenshot/2017_05_04_15_21_28_inventoryStockWorkflow.jpg<br/>
<img src="../../result/screenshot/2017_05_04_15_21_28_inventoryStockWorkflow.jpg"/><br/>
</div>
</td>
<td><div><pre>java.lang.AssertionError: 超时!! 0 秒之后还没找到元素 [By.xpath: //div[@class=&apos;inbentory_level&apos;]]
	at com.acsm.test.utils.SeleniumUtil.waitForElementToLoad(SeleniumUtil.java:300)
	at com.acsm.test.testpages.stock.inventoryfile.InventoryFile.waitElementsLoad(InventoryFile.java:25)
	at com.acsm.test.testcases.stock.inventoryfile.InventoryStock_Test.inventoryStockWorkflow(InventoryStock_Test.java:24)
	at java.util.concurrent.FutureTask.run(Unknown Source)
	at java.util.concurrent.ThreadPoolExecutor.runWorker(Unknown Source)
	at java.util.concurrent.ThreadPoolExecutor$Worker.run(Unknown Source)
	at java.lang.Thread.run(Unknown Source)
... Removed 17 stack frames</pre></div><a href='#' onClick='toggleBox("stack-trace1518188768", this, "Click to show all stack frames", "Click to hide stack frames")'>Click to show all stack frames</a>
<div class='stack-trace' id='stack-trace1518188768'><pre>java.lang.AssertionError: 超时!! 0 秒之后还没找到元素 [By.xpath: //div[@class=&apos;inbentory_level&apos;]]
	at org.testng.Assert.fail(Assert.java:93)
	at com.acsm.test.utils.SeleniumUtil.waitForElementToLoad(SeleniumUtil.java:300)
	at com.acsm.test.testpages.stock.inventoryfile.InventoryFile.waitElementsLoad(InventoryFile.java:25)
	at com.acsm.test.testcases.stock.inventoryfile.InventoryStock_Test.inventoryStockWorkflow(InventoryStock_Test.java:24)
	at sun.reflect.NativeMethodAccessorImpl.invoke0(Native Method)
	at sun.reflect.NativeMethodAccessorImpl.invoke(Unknown Source)
	at sun.reflect.DelegatingMethodAccessorImpl.invoke(Unknown Source)
	at java.lang.reflect.Method.invoke(Unknown Source)
	at org.testng.internal.MethodInvocationHelper.invokeMethod(MethodInvocationHelper.java:108)
	at org.testng.internal.Invoker.invokeMethod(Invoker.java:661)
	at org.testng.internal.Invoker.retryFailed(Invoker.java:1014)
	at org.testng.internal.Invoker.invokeTestMethods(Invoker.java:1215)
	at org.testng.internal.TestMethodWorker.invokeTestMethods(TestMethodWorker.java:126)
	at org.testng.internal.TestMethodWorker.run(TestMethodWorker.java:109)
	at org.testng.TestRunner.privateRun(TestRunner.java:744)
	at org.testng.TestRunner.run(TestRunner.java:602)
	at org.testng.SuiteRunner.runTest(SuiteRunner.java:380)
	at org.testng.SuiteRunner.access$000(SuiteRunner.java:39)
	at org.testng.SuiteRunner$SuiteWorker.run(SuiteRunner.java:414)
	at org.testng.internal.thread.ThreadUtil$1.call(ThreadUtil.java:52)
	at java.util.concurrent.FutureTask.run(Unknown Source)
	at java.util.concurrent.ThreadPoolExecutor.runWorker(Unknown Source)
	at java.util.concurrent.ThreadPoolExecutor$Worker.run(Unknown Source)
	at java.lang.Thread.run(Unknown Source)
</pre></div></td>
<td>0</td>
<td>com.acsm.test.testcases.stock.inventoryfile.InventoryStock_Test@34c4973</td></tr>
</table><p>
<table width='100%' border='1' class='invocation-passed'>
<tr><td colspan='4' align='center'><b>PASSED TESTS</b></td></tr>
<tr><td><b>Test method</b></td>
<td width="30%"><b>Exception</b></td>
<td width="10%"><b>Time (seconds)</b></td>
<td><b>Instance</b></td>
</tr>
<tr>
<td title='com.acsm.test.testcases.login.LoginSuccessFunction_Test.loginSuccessFunction()'><b>loginSuccessFunction</b><br>Test class: com.acsm.test.testcases.login.LoginSuccessFunction_Test</td>
<td></td>
<td>7</td>
<td>com.acsm.test.testcases.login.LoginSuccessFunction_Test@30a3107a</td></tr>
</table><p>
<table width='100%' border='1' class='invocation-skipped'>
<tr><td colspan='4' align='center'><b>SKIPPED TESTS</b></td></tr>
<tr><td><b>Test method</b></td>
<td width="30%"><b>Exception</b></td>
<td width="10%"><b>Time (seconds)</b></td>
<td><b>Instance</b></td>
</tr>
<tr>
<td title='com.acsm.test.testcases.stock.inventoryfile.InventoryStock_Test.collapseDisplayed()'><b>collapseDisplayed</b><br>Test class: com.acsm.test.testcases.stock.inventoryfile.InventoryStock_Test<br/>
<a href="#Output-341924247" onClick='toggleBox("Output-341924247", this, "Show output", "Hide output");'>Show output</a>

<a href="#Output-341924247" onClick="toggleAllBoxes();">Show all outputs</a>
<div class='log' id="Output-341924247">
result/screenshot/2017_05_04_15_21_29_collapseDisplayed.jpg<br/>
<img src="../../result/screenshot/2017_05_04_15_21_29_collapseDisplayed.jpg"/><br/>
</div>
</td>
<td><div><pre>java.lang.Throwable: Method InventoryStock_Test.collapseDisplayed()[pri:0, instance:com.acsm.test.testcases.stock.inventoryfile.InventoryStock_Test@34c4973] depends on not successfully finished methods
	at java.util.concurrent.FutureTask.run(Unknown Source)
	at java.util.concurrent.ThreadPoolExecutor.runWorker(Unknown Source)
	at java.util.concurrent.ThreadPoolExecutor$Worker.run(Unknown Source)
	at java.lang.Thread.run(Unknown Source)
... Removed 9 stack frames</pre></div><a href='#' onClick='toggleBox("stack-trace341924247", this, "Click to show all stack frames", "Click to hide stack frames")'>Click to show all stack frames</a>
<div class='stack-trace' id='stack-trace341924247'><pre>java.lang.Throwable: Method InventoryStock_Test.collapseDisplayed()[pri:0, instance:com.acsm.test.testcases.stock.inventoryfile.InventoryStock_Test@34c4973] depends on not successfully finished methods
	at org.testng.internal.Invoker.invokeTestMethods(Invoker.java:1084)
	at org.testng.internal.TestMethodWorker.invokeTestMethods(TestMethodWorker.java:126)
	at org.testng.internal.TestMethodWorker.run(TestMethodWorker.java:109)
	at org.testng.TestRunner.privateRun(TestRunner.java:744)
	at org.testng.TestRunner.run(TestRunner.java:602)
	at org.testng.SuiteRunner.runTest(SuiteRunner.java:380)
	at org.testng.SuiteRunner.access$000(SuiteRunner.java:39)
	at org.testng.SuiteRunner$SuiteWorker.run(SuiteRunner.java:414)
	at org.testng.internal.thread.ThreadUtil$1.call(ThreadUtil.java:52)
	at java.util.concurrent.FutureTask.run(Unknown Source)
	at java.util.concurrent.ThreadPoolExecutor.runWorker(Unknown Source)
	at java.util.concurrent.ThreadPoolExecutor$Worker.run(Unknown Source)
	at java.lang.Thread.run(Unknown Source)
</pre></div></td>
<td>0</td>
<td>null</td></tr>
<tr>
<td title='com.acsm.test.testcases.stock.enterstock.EnterStock_Test.enterStockWorkflow()'><b>enterStockWorkflow</b><br>Test class: com.acsm.test.testcases.stock.enterstock.EnterStock_Test<br/>
<a href="#Output-1918620192" onClick='toggleBox("Output-1918620192", this, "Show output", "Hide output");'>Show output</a>

<a href="#Output-1918620192" onClick="toggleAllBoxes();">Show all outputs</a>
<div class='log' id="Output-1918620192">
RunCount=2<br/>
result/screenshot/2017_05_04_15_21_27_enterStockWorkflow.jpg<br/>
<img src="../../result/screenshot/2017_05_04_15_21_27_enterStockWorkflow.jpg"/><br/>
</div>
</td>
<td><div><pre>org.openqa.selenium.NoSuchElementException: no such element: Unable to locate element: {&quot;method&quot;:&quot;xpath&quot;,&quot;selector&quot;:&quot;//img[contains(@src,&apos;left_icon_3.png&apos;)]&quot;}
  (Session info: chrome=56.0.2924.87)
  (Driver info: chromedriver=2.27.440174 (e97a722caafc2d3a8b807ee115bfb307f7d2cfd9),platform=Windows NT 6.1.7601 SP1 x86_64) (WARNING: The server did not provide any stacktrace information)
Command duration or timeout: 48 milliseconds
For documentation on this error, please visit: http://seleniumhq.org/exceptions/no_such_element.html
Build info: version: &apos;3.4.0&apos;, revision: &apos;unknown&apos;, time: &apos;unknown&apos;
System info: host: &apos;PC-201704071546&apos;, ip: &apos;192.168.153.1&apos;, os.name: &apos;Windows 7&apos;, os.arch: &apos;amd64&apos;, os.version: &apos;6.1&apos;, java.version: &apos;1.8.0_111&apos;
Driver info: org.openqa.selenium.chrome.ChromeDriver
Capabilities [{applicationCacheEnabled=false, rotatable=false, mobileEmulationEnabled=false, networkConnectionEnabled=false, chrome={chromedriverVersion=2.27.440174 (e97a722caafc2d3a8b807ee115bfb307f7d2cfd9), userDataDir=C:\Users\ADMINI~1\AppData\Local\Temp\scoped_dir8568_31277}, takesHeapSnapshot=true, pageLoadStrategy=normal, databaseEnabled=false, handlesAlerts=true, hasTouchScreen=false, version=56.0.2924.87, platform=XP, browserConnectionEnabled=false, nativeEvents=true, acceptSslCerts=true, locationContextEnabled=true, webStorageEnabled=true, browserName=chrome, takesScreenshot=true, javascriptEnabled=true, cssSelectorsEnabled=true, unexpectedAlertBehaviour=}]
Session ID: c5dc377aba089d9cd3dbf75cbcdfa63e
*** Element info: {Using=xpath, value=//img[contains(@src,&apos;left_icon_3.png&apos;)]}
	at org.openqa.selenium.remote.ErrorHandler.createThrowable(ErrorHandler.java:215)
	at org.openqa.selenium.remote.ErrorHandler.throwIfResponseFailed(ErrorHandler.java:167)
	at org.openqa.selenium.remote.RemoteWebDriver.execute(RemoteWebDriver.java:671)
	at org.openqa.selenium.remote.RemoteWebDriver.findElement(RemoteWebDriver.java:410)
	at org.openqa.selenium.remote.RemoteWebDriver.findElementByXPath(RemoteWebDriver.java:509)
	at org.openqa.selenium.By$ByXPath.findElement(By.java:361)
	at org.openqa.selenium.remote.RemoteWebDriver.findElement(RemoteWebDriver.java:402)
	at com.acsm.test.utils.SeleniumUtil.highlightElement(SeleniumUtil.java:115)
	at com.acsm.test.utils.SeleniumUtil.mouseMoveToElement(SeleniumUtil.java:549)
	at com.acsm.test.testpages.stock.enter.EnterStock.enterStock(EnterStock.java:20)
	at com.acsm.test.testcases.stock.enterstock.EnterStock_Test.enterStockWorkflow(EnterStock_Test.java:18)
	at java.util.concurrent.FutureTask.run(Unknown Source)
	at java.util.concurrent.ThreadPoolExecutor.runWorker(Unknown Source)
	at java.util.concurrent.ThreadPoolExecutor$Worker.run(Unknown Source)
	at java.lang.Thread.run(Unknown Source)
... Removed 20 stack frames</pre></div><a href='#' onClick='toggleBox("stack-trace1918620192", this, "Click to show all stack frames", "Click to hide stack frames")'>Click to show all stack frames</a>
<div class='stack-trace' id='stack-trace1918620192'><pre>org.openqa.selenium.NoSuchElementException: no such element: Unable to locate element: {&quot;method&quot;:&quot;xpath&quot;,&quot;selector&quot;:&quot;//img[contains(@src,&apos;left_icon_3.png&apos;)]&quot;}
  (Session info: chrome=56.0.2924.87)
  (Driver info: chromedriver=2.27.440174 (e97a722caafc2d3a8b807ee115bfb307f7d2cfd9),platform=Windows NT 6.1.7601 SP1 x86_64) (WARNING: The server did not provide any stacktrace information)
Command duration or timeout: 48 milliseconds
For documentation on this error, please visit: http://seleniumhq.org/exceptions/no_such_element.html
Build info: version: &apos;3.4.0&apos;, revision: &apos;unknown&apos;, time: &apos;unknown&apos;
System info: host: &apos;PC-201704071546&apos;, ip: &apos;192.168.153.1&apos;, os.name: &apos;Windows 7&apos;, os.arch: &apos;amd64&apos;, os.version: &apos;6.1&apos;, java.version: &apos;1.8.0_111&apos;
Driver info: org.openqa.selenium.chrome.ChromeDriver
Capabilities [{applicationCacheEnabled=false, rotatable=false, mobileEmulationEnabled=false, networkConnectionEnabled=false, chrome={chromedriverVersion=2.27.440174 (e97a722caafc2d3a8b807ee115bfb307f7d2cfd9), userDataDir=C:\Users\ADMINI~1\AppData\Local\Temp\scoped_dir8568_31277}, takesHeapSnapshot=true, pageLoadStrategy=normal, databaseEnabled=false, handlesAlerts=true, hasTouchScreen=false, version=56.0.2924.87, platform=XP, browserConnectionEnabled=false, nativeEvents=true, acceptSslCerts=true, locationContextEnabled=true, webStorageEnabled=true, browserName=chrome, takesScreenshot=true, javascriptEnabled=true, cssSelectorsEnabled=true, unexpectedAlertBehaviour=}]
Session ID: c5dc377aba089d9cd3dbf75cbcdfa63e
*** Element info: {Using=xpath, value=//img[contains(@src,&apos;left_icon_3.png&apos;)]}
	at sun.reflect.NativeConstructorAccessorImpl.newInstance0(Native Method)
	at sun.reflect.NativeConstructorAccessorImpl.newInstance(Unknown Source)
	at sun.reflect.DelegatingConstructorAccessorImpl.newInstance(Unknown Source)
	at java.lang.reflect.Constructor.newInstance(Unknown Source)
	at org.openqa.selenium.remote.ErrorHandler.createThrowable(ErrorHandler.java:215)
	at org.openqa.selenium.remote.ErrorHandler.throwIfResponseFailed(ErrorHandler.java:167)
	at org.openqa.selenium.remote.RemoteWebDriver.execute(RemoteWebDriver.java:671)
	at org.openqa.selenium.remote.RemoteWebDriver.findElement(RemoteWebDriver.java:410)
	at org.openqa.selenium.remote.RemoteWebDriver.findElementByXPath(RemoteWebDriver.java:509)
	at org.openqa.selenium.By$ByXPath.findElement(By.java:361)
	at org.openqa.selenium.remote.RemoteWebDriver.findElement(RemoteWebDriver.java:402)
	at com.acsm.test.utils.SeleniumUtil.highlightElement(SeleniumUtil.java:115)
	at com.acsm.test.utils.SeleniumUtil.mouseMoveToElement(SeleniumUtil.java:549)
	at com.acsm.test.testpages.stock.enter.EnterStock.enterStock(EnterStock.java:20)
	at com.acsm.test.testcases.stock.enterstock.EnterStock_Test.enterStockWorkflow(EnterStock_Test.java:18)
	at sun.reflect.NativeMethodAccessorImpl.invoke0(Native Method)
	at sun.reflect.NativeMethodAccessorImpl.invoke(Unknown Source)
	at sun.reflect.DelegatingMethodAccessorImpl.invoke(Unknown Source)
	at java.lang.reflect.Method.invoke(Unknown Source)
	at org.testng.internal.MethodInvocationHelper.invokeMethod(MethodInvocationHelper.java:108)
	at org.testng.internal.Invoker.invokeMethod(Invoker.java:661)
	at org.testng.internal.Invoker.invokeTestMethod(Invoker.java:869)
	at org.testng.internal.Invoker.invokeTestMethods(Invoker.java:1193)
	at org.testng.internal.TestMethodWorker.invokeTestMethods(TestMethodWorker.java:126)
	at org.testng.internal.TestMethodWorker.run(TestMethodWorker.java:109)
	at org.testng.TestRunner.privateRun(TestRunner.java:744)
	at org.testng.TestRunner.run(TestRunner.java:602)
	at org.testng.SuiteRunner.runTest(SuiteRunner.java:380)
	at org.testng.SuiteRunner.access$000(SuiteRunner.java:39)
	at org.testng.SuiteRunner$SuiteWorker.run(SuiteRunner.java:414)
	at org.testng.internal.thread.ThreadUtil$1.call(ThreadUtil.java:52)
	at java.util.concurrent.FutureTask.run(Unknown Source)
	at java.util.concurrent.ThreadPoolExecutor.runWorker(Unknown Source)
	at java.util.concurrent.ThreadPoolExecutor$Worker.run(Unknown Source)
	at java.lang.Thread.run(Unknown Source)
</pre></div></td>
<td>0</td>
<td>com.acsm.test.testcases.stock.enterstock.EnterStock_Test@33c7e1bb</td></tr>
<tr>
<td title='com.acsm.test.testcases.stock.enterstock.EnterStock_Test.enterStockWorkflow()'><b>enterStockWorkflow</b><br>Test class: com.acsm.test.testcases.stock.enterstock.EnterStock_Test<br/>
<a href="#Output-590501778" onClick='toggleBox("Output-590501778", this, "Show output", "Hide output");'>Show output</a>

<a href="#Output-590501778" onClick="toggleAllBoxes();">Show all outputs</a>
<div class='log' id="Output-590501778">
RunCount=3<br/>
result/screenshot/2017_05_04_15_21_28_enterStockWorkflow.jpg<br/>
<img src="../../result/screenshot/2017_05_04_15_21_28_enterStockWorkflow.jpg"/><br/>
</div>
</td>
<td><div><pre>org.openqa.selenium.NoSuchElementException: no such element: Unable to locate element: {&quot;method&quot;:&quot;xpath&quot;,&quot;selector&quot;:&quot;//img[contains(@src,&apos;left_icon_3.png&apos;)]&quot;}
  (Session info: chrome=56.0.2924.87)
  (Driver info: chromedriver=2.27.440174 (e97a722caafc2d3a8b807ee115bfb307f7d2cfd9),platform=Windows NT 6.1.7601 SP1 x86_64) (WARNING: The server did not provide any stacktrace information)
Command duration or timeout: 12 milliseconds
For documentation on this error, please visit: http://seleniumhq.org/exceptions/no_such_element.html
Build info: version: &apos;3.4.0&apos;, revision: &apos;unknown&apos;, time: &apos;unknown&apos;
System info: host: &apos;PC-201704071546&apos;, ip: &apos;192.168.153.1&apos;, os.name: &apos;Windows 7&apos;, os.arch: &apos;amd64&apos;, os.version: &apos;6.1&apos;, java.version: &apos;1.8.0_111&apos;
Driver info: org.openqa.selenium.chrome.ChromeDriver
Capabilities [{applicationCacheEnabled=false, rotatable=false, mobileEmulationEnabled=false, networkConnectionEnabled=false, chrome={chromedriverVersion=2.27.440174 (e97a722caafc2d3a8b807ee115bfb307f7d2cfd9), userDataDir=C:\Users\ADMINI~1\AppData\Local\Temp\scoped_dir8568_31277}, takesHeapSnapshot=true, pageLoadStrategy=normal, databaseEnabled=false, handlesAlerts=true, hasTouchScreen=false, version=56.0.2924.87, platform=XP, browserConnectionEnabled=false, nativeEvents=true, acceptSslCerts=true, locationContextEnabled=true, webStorageEnabled=true, browserName=chrome, takesScreenshot=true, javascriptEnabled=true, cssSelectorsEnabled=true, unexpectedAlertBehaviour=}]
Session ID: c5dc377aba089d9cd3dbf75cbcdfa63e
*** Element info: {Using=xpath, value=//img[contains(@src,&apos;left_icon_3.png&apos;)]}
	at org.openqa.selenium.remote.ErrorHandler.createThrowable(ErrorHandler.java:215)
	at org.openqa.selenium.remote.ErrorHandler.throwIfResponseFailed(ErrorHandler.java:167)
	at org.openqa.selenium.remote.RemoteWebDriver.execute(RemoteWebDriver.java:671)
	at org.openqa.selenium.remote.RemoteWebDriver.findElement(RemoteWebDriver.java:410)
	at org.openqa.selenium.remote.RemoteWebDriver.findElementByXPath(RemoteWebDriver.java:509)
	at org.openqa.selenium.By$ByXPath.findElement(By.java:361)
	at org.openqa.selenium.remote.RemoteWebDriver.findElement(RemoteWebDriver.java:402)
	at com.acsm.test.utils.SeleniumUtil.highlightElement(SeleniumUtil.java:115)
	at com.acsm.test.utils.SeleniumUtil.mouseMoveToElement(SeleniumUtil.java:549)
	at com.acsm.test.testpages.stock.enter.EnterStock.enterStock(EnterStock.java:20)
	at com.acsm.test.testcases.stock.enterstock.EnterStock_Test.enterStockWorkflow(EnterStock_Test.java:18)
	at java.util.concurrent.FutureTask.run(Unknown Source)
	at java.util.concurrent.ThreadPoolExecutor.runWorker(Unknown Source)
	at java.util.concurrent.ThreadPoolExecutor$Worker.run(Unknown Source)
	at java.lang.Thread.run(Unknown Source)
... Removed 20 stack frames</pre></div><a href='#' onClick='toggleBox("stack-trace590501778", this, "Click to show all stack frames", "Click to hide stack frames")'>Click to show all stack frames</a>
<div class='stack-trace' id='stack-trace590501778'><pre>org.openqa.selenium.NoSuchElementException: no such element: Unable to locate element: {&quot;method&quot;:&quot;xpath&quot;,&quot;selector&quot;:&quot;//img[contains(@src,&apos;left_icon_3.png&apos;)]&quot;}
  (Session info: chrome=56.0.2924.87)
  (Driver info: chromedriver=2.27.440174 (e97a722caafc2d3a8b807ee115bfb307f7d2cfd9),platform=Windows NT 6.1.7601 SP1 x86_64) (WARNING: The server did not provide any stacktrace information)
Command duration or timeout: 12 milliseconds
For documentation on this error, please visit: http://seleniumhq.org/exceptions/no_such_element.html
Build info: version: &apos;3.4.0&apos;, revision: &apos;unknown&apos;, time: &apos;unknown&apos;
System info: host: &apos;PC-201704071546&apos;, ip: &apos;192.168.153.1&apos;, os.name: &apos;Windows 7&apos;, os.arch: &apos;amd64&apos;, os.version: &apos;6.1&apos;, java.version: &apos;1.8.0_111&apos;
Driver info: org.openqa.selenium.chrome.ChromeDriver
Capabilities [{applicationCacheEnabled=false, rotatable=false, mobileEmulationEnabled=false, networkConnectionEnabled=false, chrome={chromedriverVersion=2.27.440174 (e97a722caafc2d3a8b807ee115bfb307f7d2cfd9), userDataDir=C:\Users\ADMINI~1\AppData\Local\Temp\scoped_dir8568_31277}, takesHeapSnapshot=true, pageLoadStrategy=normal, databaseEnabled=false, handlesAlerts=true, hasTouchScreen=false, version=56.0.2924.87, platform=XP, browserConnectionEnabled=false, nativeEvents=true, acceptSslCerts=true, locationContextEnabled=true, webStorageEnabled=true, browserName=chrome, takesScreenshot=true, javascriptEnabled=true, cssSelectorsEnabled=true, unexpectedAlertBehaviour=}]
Session ID: c5dc377aba089d9cd3dbf75cbcdfa63e
*** Element info: {Using=xpath, value=//img[contains(@src,&apos;left_icon_3.png&apos;)]}
	at sun.reflect.NativeConstructorAccessorImpl.newInstance0(Native Method)
	at sun.reflect.NativeConstructorAccessorImpl.newInstance(Unknown Source)
	at sun.reflect.DelegatingConstructorAccessorImpl.newInstance(Unknown Source)
	at java.lang.reflect.Constructor.newInstance(Unknown Source)
	at org.openqa.selenium.remote.ErrorHandler.createThrowable(ErrorHandler.java:215)
	at org.openqa.selenium.remote.ErrorHandler.throwIfResponseFailed(ErrorHandler.java:167)
	at org.openqa.selenium.remote.RemoteWebDriver.execute(RemoteWebDriver.java:671)
	at org.openqa.selenium.remote.RemoteWebDriver.findElement(RemoteWebDriver.java:410)
	at org.openqa.selenium.remote.RemoteWebDriver.findElementByXPath(RemoteWebDriver.java:509)
	at org.openqa.selenium.By$ByXPath.findElement(By.java:361)
	at org.openqa.selenium.remote.RemoteWebDriver.findElement(RemoteWebDriver.java:402)
	at com.acsm.test.utils.SeleniumUtil.highlightElement(SeleniumUtil.java:115)
	at com.acsm.test.utils.SeleniumUtil.mouseMoveToElement(SeleniumUtil.java:549)
	at com.acsm.test.testpages.stock.enter.EnterStock.enterStock(EnterStock.java:20)
	at com.acsm.test.testcases.stock.enterstock.EnterStock_Test.enterStockWorkflow(EnterStock_Test.java:18)
	at sun.reflect.NativeMethodAccessorImpl.invoke0(Native Method)
	at sun.reflect.NativeMethodAccessorImpl.invoke(Unknown Source)
	at sun.reflect.DelegatingMethodAccessorImpl.invoke(Unknown Source)
	at java.lang.reflect.Method.invoke(Unknown Source)
	at org.testng.internal.MethodInvocationHelper.invokeMethod(MethodInvocationHelper.java:108)
	at org.testng.internal.Invoker.invokeMethod(Invoker.java:661)
	at org.testng.internal.Invoker.retryFailed(Invoker.java:1014)
	at org.testng.internal.Invoker.invokeTestMethods(Invoker.java:1215)
	at org.testng.internal.TestMethodWorker.invokeTestMethods(TestMethodWorker.java:126)
	at org.testng.internal.TestMethodWorker.run(TestMethodWorker.java:109)
	at org.testng.TestRunner.privateRun(TestRunner.java:744)
	at org.testng.TestRunner.run(TestRunner.java:602)
	at org.testng.SuiteRunner.runTest(SuiteRunner.java:380)
	at org.testng.SuiteRunner.access$000(SuiteRunner.java:39)
	at org.testng.SuiteRunner$SuiteWorker.run(SuiteRunner.java:414)
	at org.testng.internal.thread.ThreadUtil$1.call(ThreadUtil.java:52)
	at java.util.concurrent.FutureTask.run(Unknown Source)
	at java.util.concurrent.ThreadPoolExecutor.runWorker(Unknown Source)
	at java.util.concurrent.ThreadPoolExecutor$Worker.run(Unknown Source)
	at java.lang.Thread.run(Unknown Source)
</pre></div></td>
<td>0</td>
<td>com.acsm.test.testcases.stock.enterstock.EnterStock_Test@33c7e1bb</td></tr>
<tr>
<td title='com.acsm.test.testcases.stock.inventoryfile.InventoryStock_Test.fileDownload()'><b>fileDownload</b><br>Test class: com.acsm.test.testcases.stock.inventoryfile.InventoryStock_Test<br/>
<a href="#Output-193402628" onClick='toggleBox("Output-193402628", this, "Show output", "Hide output");'>Show output</a>

<a href="#Output-193402628" onClick="toggleAllBoxes();">Show all outputs</a>
<div class='log' id="Output-193402628">
result/screenshot/2017_05_04_15_21_28_fileDownload.jpg<br/>
<img src="../../result/screenshot/2017_05_04_15_21_28_fileDownload.jpg"/><br/>
</div>
</td>
<td><div><pre>java.lang.Throwable: Method InventoryStock_Test.fileDownload()[pri:0, instance:com.acsm.test.testcases.stock.inventoryfile.InventoryStock_Test@34c4973] depends on not successfully finished methods
	at java.util.concurrent.FutureTask.run(Unknown Source)
	at java.util.concurrent.ThreadPoolExecutor.runWorker(Unknown Source)
	at java.util.concurrent.ThreadPoolExecutor$Worker.run(Unknown Source)
	at java.lang.Thread.run(Unknown Source)
... Removed 9 stack frames</pre></div><a href='#' onClick='toggleBox("stack-trace193402628", this, "Click to show all stack frames", "Click to hide stack frames")'>Click to show all stack frames</a>
<div class='stack-trace' id='stack-trace193402628'><pre>java.lang.Throwable: Method InventoryStock_Test.fileDownload()[pri:0, instance:com.acsm.test.testcases.stock.inventoryfile.InventoryStock_Test@34c4973] depends on not successfully finished methods
	at org.testng.internal.Invoker.invokeTestMethods(Invoker.java:1084)
	at org.testng.internal.TestMethodWorker.invokeTestMethods(TestMethodWorker.java:126)
	at org.testng.internal.TestMethodWorker.run(TestMethodWorker.java:109)
	at org.testng.TestRunner.privateRun(TestRunner.java:744)
	at org.testng.TestRunner.run(TestRunner.java:602)
	at org.testng.SuiteRunner.runTest(SuiteRunner.java:380)
	at org.testng.SuiteRunner.access$000(SuiteRunner.java:39)
	at org.testng.SuiteRunner$SuiteWorker.run(SuiteRunner.java:414)
	at org.testng.internal.thread.ThreadUtil$1.call(ThreadUtil.java:52)
	at java.util.concurrent.FutureTask.run(Unknown Source)
	at java.util.concurrent.ThreadPoolExecutor.runWorker(Unknown Source)
	at java.util.concurrent.ThreadPoolExecutor$Worker.run(Unknown Source)
	at java.lang.Thread.run(Unknown Source)
</pre></div></td>
<td>0</td>
<td>null</td></tr>
<tr>
<td title='com.acsm.test.testcases.stock.inventoryfile.InventoryStock_Test.inventoryStockWorkflow()'><b>inventoryStockWorkflow</b><br>Test class: com.acsm.test.testcases.stock.inventoryfile.InventoryStock_Test<br/>
<a href="#Output-1928751302" onClick='toggleBox("Output-1928751302", this, "Show output", "Hide output");'>Show output</a>

<a href="#Output-1928751302" onClick="toggleAllBoxes();">Show all outputs</a>
<div class='log' id="Output-1928751302">
RunCount=2<br/>
result/screenshot/2017_05_04_15_21_28_inventoryStockWorkflow.jpg<br/>
<img src="../../result/screenshot/2017_05_04_15_21_28_inventoryStockWorkflow.jpg"/><br/>
</div>
</td>
<td><div><pre>java.lang.AssertionError: 超时!! 0 秒之后还没找到元素 [By.xpath: //div[@class=&apos;inbentory_level&apos;]]
	at com.acsm.test.utils.SeleniumUtil.waitForElementToLoad(SeleniumUtil.java:300)
	at com.acsm.test.testpages.stock.inventoryfile.InventoryFile.waitElementsLoad(InventoryFile.java:25)
	at com.acsm.test.testcases.stock.inventoryfile.InventoryStock_Test.inventoryStockWorkflow(InventoryStock_Test.java:24)
	at java.util.concurrent.FutureTask.run(Unknown Source)
	at java.util.concurrent.ThreadPoolExecutor.runWorker(Unknown Source)
	at java.util.concurrent.ThreadPoolExecutor$Worker.run(Unknown Source)
	at java.lang.Thread.run(Unknown Source)
... Removed 17 stack frames</pre></div><a href='#' onClick='toggleBox("stack-trace1928751302", this, "Click to show all stack frames", "Click to hide stack frames")'>Click to show all stack frames</a>
<div class='stack-trace' id='stack-trace1928751302'><pre>java.lang.AssertionError: 超时!! 0 秒之后还没找到元素 [By.xpath: //div[@class=&apos;inbentory_level&apos;]]
	at org.testng.Assert.fail(Assert.java:93)
	at com.acsm.test.utils.SeleniumUtil.waitForElementToLoad(SeleniumUtil.java:300)
	at com.acsm.test.testpages.stock.inventoryfile.InventoryFile.waitElementsLoad(InventoryFile.java:25)
	at com.acsm.test.testcases.stock.inventoryfile.InventoryStock_Test.inventoryStockWorkflow(InventoryStock_Test.java:24)
	at sun.reflect.NativeMethodAccessorImpl.invoke0(Native Method)
	at sun.reflect.NativeMethodAccessorImpl.invoke(Unknown Source)
	at sun.reflect.DelegatingMethodAccessorImpl.invoke(Unknown Source)
	at java.lang.reflect.Method.invoke(Unknown Source)
	at org.testng.internal.MethodInvocationHelper.invokeMethod(MethodInvocationHelper.java:108)
	at org.testng.internal.Invoker.invokeMethod(Invoker.java:661)
	at org.testng.internal.Invoker.invokeTestMethod(Invoker.java:869)
	at org.testng.internal.Invoker.invokeTestMethods(Invoker.java:1193)
	at org.testng.internal.TestMethodWorker.invokeTestMethods(TestMethodWorker.java:126)
	at org.testng.internal.TestMethodWorker.run(TestMethodWorker.java:109)
	at org.testng.TestRunner.privateRun(TestRunner.java:744)
	at org.testng.TestRunner.run(TestRunner.java:602)
	at org.testng.SuiteRunner.runTest(SuiteRunner.java:380)
	at org.testng.SuiteRunner.access$000(SuiteRunner.java:39)
	at org.testng.SuiteRunner$SuiteWorker.run(SuiteRunner.java:414)
	at org.testng.internal.thread.ThreadUtil$1.call(ThreadUtil.java:52)
	at java.util.concurrent.FutureTask.run(Unknown Source)
	at java.util.concurrent.ThreadPoolExecutor.runWorker(Unknown Source)
	at java.util.concurrent.ThreadPoolExecutor$Worker.run(Unknown Source)
	at java.lang.Thread.run(Unknown Source)
</pre></div></td>
<td>0</td>
<td>com.acsm.test.testcases.stock.inventoryfile.InventoryStock_Test@34c4973</td></tr>
<tr>
<td title='com.acsm.test.testcases.stock.inventoryfile.InventoryStock_Test.inventoryStockWorkflow()'><b>inventoryStockWorkflow</b><br>Test class: com.acsm.test.testcases.stock.inventoryfile.InventoryStock_Test<br/>
<a href="#Output-1059124234" onClick='toggleBox("Output-1059124234", this, "Show output", "Hide output");'>Show output</a>

<a href="#Output-1059124234" onClick="toggleAllBoxes();">Show all outputs</a>
<div class='log' id="Output-1059124234">
RunCount=3<br/>
result/screenshot/2017_05_04_15_21_28_inventoryStockWorkflow.jpg<br/>
<img src="../../result/screenshot/2017_05_04_15_21_28_inventoryStockWorkflow.jpg"/><br/>
</div>
</td>
<td><div><pre>java.lang.AssertionError: 超时!! 0 秒之后还没找到元素 [By.xpath: //div[@class=&apos;inbentory_level&apos;]]
	at com.acsm.test.utils.SeleniumUtil.waitForElementToLoad(SeleniumUtil.java:300)
	at com.acsm.test.testpages.stock.inventoryfile.InventoryFile.waitElementsLoad(InventoryFile.java:25)
	at com.acsm.test.testcases.stock.inventoryfile.InventoryStock_Test.inventoryStockWorkflow(InventoryStock_Test.java:24)
	at java.util.concurrent.FutureTask.run(Unknown Source)
	at java.util.concurrent.ThreadPoolExecutor.runWorker(Unknown Source)
	at java.util.concurrent.ThreadPoolExecutor$Worker.run(Unknown Source)
	at java.lang.Thread.run(Unknown Source)
... Removed 17 stack frames</pre></div><a href='#' onClick='toggleBox("stack-trace1059124234", this, "Click to show all stack frames", "Click to hide stack frames")'>Click to show all stack frames</a>
<div class='stack-trace' id='stack-trace1059124234'><pre>java.lang.AssertionError: 超时!! 0 秒之后还没找到元素 [By.xpath: //div[@class=&apos;inbentory_level&apos;]]
	at org.testng.Assert.fail(Assert.java:93)
	at com.acsm.test.utils.SeleniumUtil.waitForElementToLoad(SeleniumUtil.java:300)
	at com.acsm.test.testpages.stock.inventoryfile.InventoryFile.waitElementsLoad(InventoryFile.java:25)
	at com.acsm.test.testcases.stock.inventoryfile.InventoryStock_Test.inventoryStockWorkflow(InventoryStock_Test.java:24)
	at sun.reflect.NativeMethodAccessorImpl.invoke0(Native Method)
	at sun.reflect.NativeMethodAccessorImpl.invoke(Unknown Source)
	at sun.reflect.DelegatingMethodAccessorImpl.invoke(Unknown Source)
	at java.lang.reflect.Method.invoke(Unknown Source)
	at org.testng.internal.MethodInvocationHelper.invokeMethod(MethodInvocationHelper.java:108)
	at org.testng.internal.Invoker.invokeMethod(Invoker.java:661)
	at org.testng.internal.Invoker.retryFailed(Invoker.java:1014)
	at org.testng.internal.Invoker.invokeTestMethods(Invoker.java:1215)
	at org.testng.internal.TestMethodWorker.invokeTestMethods(TestMethodWorker.java:126)
	at org.testng.internal.TestMethodWorker.run(TestMethodWorker.java:109)
	at org.testng.TestRunner.privateRun(TestRunner.java:744)
	at org.testng.TestRunner.run(TestRunner.java:602)
	at org.testng.SuiteRunner.runTest(SuiteRunner.java:380)
	at org.testng.SuiteRunner.access$000(SuiteRunner.java:39)
	at org.testng.SuiteRunner$SuiteWorker.run(SuiteRunner.java:414)
	at org.testng.internal.thread.ThreadUtil$1.call(ThreadUtil.java:52)
	at java.util.concurrent.FutureTask.run(Unknown Source)
	at java.util.concurrent.ThreadPoolExecutor.runWorker(Unknown Source)
	at java.util.concurrent.ThreadPoolExecutor$Worker.run(Unknown Source)
	at java.lang.Thread.run(Unknown Source)
</pre></div></td>
<td>0</td>
<td>com.acsm.test.testcases.stock.inventoryfile.InventoryStock_Test@34c4973</td></tr>
<tr>
<td title='com.acsm.test.testcases.stock.inventoryfile.InventoryStock_Test.listVerification()'><b>listVerification</b><br>Test class: com.acsm.test.testcases.stock.inventoryfile.InventoryStock_Test<br/>
<a href="#Output-919850623" onClick='toggleBox("Output-919850623", this, "Show output", "Hide output");'>Show output</a>

<a href="#Output-919850623" onClick="toggleAllBoxes();">Show all outputs</a>
<div class='log' id="Output-919850623">
result/screenshot/2017_05_04_15_21_28_listVerification.jpg<br/>
<img src="../../result/screenshot/2017_05_04_15_21_28_listVerification.jpg"/><br/>
</div>
</td>
<td><div><pre>java.lang.Throwable: Method InventoryStock_Test.listVerification()[pri:0, instance:com.acsm.test.testcases.stock.inventoryfile.InventoryStock_Test@34c4973] depends on not successfully finished methods
	at java.util.concurrent.FutureTask.run(Unknown Source)
	at java.util.concurrent.ThreadPoolExecutor.runWorker(Unknown Source)
	at java.util.concurrent.ThreadPoolExecutor$Worker.run(Unknown Source)
	at java.lang.Thread.run(Unknown Source)
... Removed 9 stack frames</pre></div><a href='#' onClick='toggleBox("stack-trace919850623", this, "Click to show all stack frames", "Click to hide stack frames")'>Click to show all stack frames</a>
<div class='stack-trace' id='stack-trace919850623'><pre>java.lang.Throwable: Method InventoryStock_Test.listVerification()[pri:0, instance:com.acsm.test.testcases.stock.inventoryfile.InventoryStock_Test@34c4973] depends on not successfully finished methods
	at org.testng.internal.Invoker.invokeTestMethods(Invoker.java:1084)
	at org.testng.internal.TestMethodWorker.invokeTestMethods(TestMethodWorker.java:126)
	at org.testng.internal.TestMethodWorker.run(TestMethodWorker.java:109)
	at org.testng.TestRunner.privateRun(TestRunner.java:744)
	at org.testng.TestRunner.run(TestRunner.java:602)
	at org.testng.SuiteRunner.runTest(SuiteRunner.java:380)
	at org.testng.SuiteRunner.access$000(SuiteRunner.java:39)
	at org.testng.SuiteRunner$SuiteWorker.run(SuiteRunner.java:414)
	at org.testng.internal.thread.ThreadUtil$1.call(ThreadUtil.java:52)
	at java.util.concurrent.FutureTask.run(Unknown Source)
	at java.util.concurrent.ThreadPoolExecutor.runWorker(Unknown Source)
	at java.util.concurrent.ThreadPoolExecutor$Worker.run(Unknown Source)
	at java.lang.Thread.run(Unknown Source)
</pre></div></td>
<td>0</td>
<td>null</td></tr>
<tr>
<td title='com.acsm.test.testcases.stock.inventoryfile.InventoryStock_Test.stockSearchVerification()'><b>stockSearchVerification</b><br>Test class: com.acsm.test.testcases.stock.inventoryfile.InventoryStock_Test<br/>
<a href="#Output-357578030" onClick='toggleBox("Output-357578030", this, "Show output", "Hide output");'>Show output</a>

<a href="#Output-357578030" onClick="toggleAllBoxes();">Show all outputs</a>
<div class='log' id="Output-357578030">
result/screenshot/2017_05_04_15_21_29_stockSearchVerification.jpg<br/>
<img src="../../result/screenshot/2017_05_04_15_21_29_stockSearchVerification.jpg"/><br/>
</div>
</td>
<td><div><pre>java.lang.Throwable: Method InventoryStock_Test.stockSearchVerification()[pri:0, instance:com.acsm.test.testcases.stock.inventoryfile.InventoryStock_Test@34c4973] depends on not successfully finished methods
	at java.util.concurrent.FutureTask.run(Unknown Source)
	at java.util.concurrent.ThreadPoolExecutor.runWorker(Unknown Source)
	at java.util.concurrent.ThreadPoolExecutor$Worker.run(Unknown Source)
	at java.lang.Thread.run(Unknown Source)
... Removed 9 stack frames</pre></div><a href='#' onClick='toggleBox("stack-trace357578030", this, "Click to show all stack frames", "Click to hide stack frames")'>Click to show all stack frames</a>
<div class='stack-trace' id='stack-trace357578030'><pre>java.lang.Throwable: Method InventoryStock_Test.stockSearchVerification()[pri:0, instance:com.acsm.test.testcases.stock.inventoryfile.InventoryStock_Test@34c4973] depends on not successfully finished methods
	at org.testng.internal.Invoker.invokeTestMethods(Invoker.java:1084)
	at org.testng.internal.TestMethodWorker.invokeTestMethods(TestMethodWorker.java:126)
	at org.testng.internal.TestMethodWorker.run(TestMethodWorker.java:109)
	at org.testng.TestRunner.privateRun(TestRunner.java:744)
	at org.testng.TestRunner.run(TestRunner.java:602)
	at org.testng.SuiteRunner.runTest(SuiteRunner.java:380)
	at org.testng.SuiteRunner.access$000(SuiteRunner.java:39)
	at org.testng.SuiteRunner$SuiteWorker.run(SuiteRunner.java:414)
	at org.testng.internal.thread.ThreadUtil$1.call(ThreadUtil.java:52)
	at java.util.concurrent.FutureTask.run(Unknown Source)
	at java.util.concurrent.ThreadPoolExecutor.runWorker(Unknown Source)
	at java.util.concurrent.ThreadPoolExecutor$Worker.run(Unknown Source)
	at java.lang.Thread.run(Unknown Source)
</pre></div></td>
<td>0</td>
<td>null</td></tr>
</table><p>
</body>
</html>