<?xml version="1.0" encoding="UTF-8"?>
<!-- Generated by org.testng.reporters.JUnitXMLReporter -->
<testsuite hostname="PC-201704071546" ignored="5" name="stock" tests="11" failures="2" timestamp="04 五月 2017 07:21:30 GMT" time="18.08" errors="0">
  <testcase name="loginSuccessFunction" time="7.716" classname="com.acsm.test.testcases.login.LoginSuccessFunction_Test"/>
  <testcase name="enterStockWorkflow" time="0.064" classname="com.acsm.test.testcases.stock.enterstock.EnterStock_Test">
    <skipped/>
  </testcase> <!-- enterStockWorkflow -->
  <testcase name="enterStockWorkflow" time="0.023" classname="com.acsm.test.testcases.stock.enterstock.EnterStock_Test">
    <skipped/>
  </testcase> <!-- enterStockWorkflow -->
  <testcase name="enterStockWorkflow" time="0.014" classname="com.acsm.test.testcases.stock.enterstock.EnterStock_Test">
    <failure type="org.openqa.selenium.NoSuchElementException" message="no such element: Unable to locate element: {&amp;quot;method&amp;quot;:&amp;quot;xpath&amp;quot;,&amp;quot;selector&amp;quot;:&amp;quot;//img[contains(@src,&amp;apos;left_icon_3.png&amp;apos;)]&amp;quot;}
  (Session info: chrome=56.0.2924.87)
  (Driver info: chromedriver=2.27.440174 (e97a722caafc2d3a8b807ee115bfb307f7d2cfd9),platform=Windows NT 6.1.7601 SP1 x86_64) (WARNING: The server did not provide any stacktrace information)
Command duration or timeout: 10 milliseconds
For documentation on this error, please visit: http://seleniumhq.org/exceptions/no_such_element.html
Build info: version: &amp;apos;3.4.0&amp;apos;, revision: &amp;apos;unknown&amp;apos;, time: &amp;apos;unknown&amp;apos;
System info: host: &amp;apos;PC-201704071546&amp;apos;, ip: &amp;apos;192.168.153.1&amp;apos;, os.name: &amp;apos;Windows 7&amp;apos;, os.arch: &amp;apos;amd64&amp;apos;, os.version: &amp;apos;6.1&amp;apos;, java.version: &amp;apos;1.8.0_111&amp;apos;
Driver info: org.openqa.selenium.chrome.ChromeDriver
Capabilities [{applicationCacheEnabled=false, rotatable=false, mobileEmulationEnabled=false, networkConnectionEnabled=false, chrome={chromedriverVersion=2.27.440174 (e97a722caafc2d3a8b807ee115bfb307f7d2cfd9), userDataDir=C:\Users\ADMINI~1\AppData\Local\Temp\scoped_dir8568_31277}, takesHeapSnapshot=true, pageLoadStrategy=normal, databaseEnabled=false, handlesAlerts=true, hasTouchScreen=false, version=56.0.2924.87, platform=XP, browserConnectionEnabled=false, nativeEvents=true, acceptSslCerts=true, locationContextEnabled=true, webStorageEnabled=true, browserName=chrome, takesScreenshot=true, javascriptEnabled=true, cssSelectorsEnabled=true, unexpectedAlertBehaviour=}]
Session ID: c5dc377aba089d9cd3dbf75cbcdfa63e
*** Element info: {Using=xpath, value=//img[contains(@src,&amp;apos;left_icon_3.png&amp;apos;)]}">
      <![CDATA[org.openqa.selenium.NoSuchElementException: no such element: Unable to locate element: {"method":"xpath","selector":"//img[contains(@src,'left_icon_3.png')]"}
  (Session info: chrome=56.0.2924.87)
  (Driver info: chromedriver=2.27.440174 (e97a722caafc2d3a8b807ee115bfb307f7d2cfd9),platform=Windows NT 6.1.7601 SP1 x86_64) (WARNING: The server did not provide any stacktrace information)
Command duration or timeout: 10 milliseconds
For documentation on this error, please visit: http://seleniumhq.org/exceptions/no_such_element.html
Build info: version: '3.4.0', revision: 'unknown', time: 'unknown'
System info: host: 'PC-201704071546', ip: '192.168.153.1', os.name: 'Windows 7', os.arch: 'amd64', os.version: '6.1', java.version: '1.8.0_111'
Driver info: org.openqa.selenium.chrome.ChromeDriver
Capabilities [{applicationCacheEnabled=false, rotatable=false, mobileEmulationEnabled=false, networkConnectionEnabled=false, chrome={chromedriverVersion=2.27.440174 (e97a722caafc2d3a8b807ee115bfb307f7d2cfd9), userDataDir=C:\Users\ADMINI~1\AppData\Local\Temp\scoped_dir8568_31277}, takesHeapSnapshot=true, pageLoadStrategy=normal, databaseEnabled=false, handlesAlerts=true, hasTouchScreen=false, version=56.0.2924.87, platform=XP, browserConnectionEnabled=false, nativeEvents=true, acceptSslCerts=true, locationContextEnabled=true, webStorageEnabled=true, browserName=chrome, takesScreenshot=true, javascriptEnabled=true, cssSelectorsEnabled=true, unexpectedAlertBehaviour=}]
Session ID: c5dc377aba089d9cd3dbf75cbcdfa63e
*** Element info: {Using=xpath, value=//img[contains(@src,'left_icon_3.png')]}
	at org.openqa.selenium.remote.ErrorHandler.createThrowable(ErrorHandler.java:215)
	at org.openqa.selenium.remote.ErrorHandler.throwIfResponseFailed(ErrorHandler.java:167)
	at org.openqa.selenium.remote.RemoteWebDriver.execute(RemoteWebDriver.java:671)
	at org.openqa.selenium.remote.RemoteWebDriver.findElement(RemoteWebDriver.java:410)
	at org.openqa.selenium.remote.RemoteWebDriver.findElementByXPath(RemoteWebDriver.java:509)
	at org.openqa.selenium.By$ByXPath.findElement(By.java:361)
	at org.openqa.selenium.remote.RemoteWebDriver.findElement(RemoteWebDriver.java:402)
	at com.acsm.test.utils.SeleniumUtil.highlightElement(SeleniumUtil.java:115)
	at com.acsm.test.utils.SeleniumUtil.mouseMoveToElement(SeleniumUtil.java:549)
	at com.acsm.test.testpages.stock.enter.EnterStock.enterStock(EnterStock.java:20)
	at com.acsm.test.testcases.stock.enterstock.EnterStock_Test.enterStockWorkflow(EnterStock_Test.java:18)
	at java.util.concurrent.FutureTask.run(Unknown Source)
	at java.util.concurrent.ThreadPoolExecutor.runWorker(Unknown Source)
	at java.util.concurrent.ThreadPoolExecutor$Worker.run(Unknown Source)
	at java.lang.Thread.run(Unknown Source)
... Removed 20 stack frames]]>
    </failure>
  </testcase> <!-- enterStockWorkflow -->
  <testcase name="inventoryStockWorkflow" time="0.026" classname="com.acsm.test.testcases.stock.inventoryfile.InventoryStock_Test">
    <skipped/>
  </testcase> <!-- inventoryStockWorkflow -->
  <testcase name="inventoryStockWorkflow" time="0.024" classname="com.acsm.test.testcases.stock.inventoryfile.InventoryStock_Test">
    <skipped/>
  </testcase> <!-- inventoryStockWorkflow -->
  <testcase name="inventoryStockWorkflow" time="0.014" classname="com.acsm.test.testcases.stock.inventoryfile.InventoryStock_Test">
    <failure type="java.lang.AssertionError" message="超时!! 0 秒之后还没找到元素 [By.xpath: //div[@class=&amp;apos;inbentory_level&amp;apos;]]">
      <![CDATA[java.lang.AssertionError: 超时!! 0 秒之后还没找到元素 [By.xpath: //div[@class='inbentory_level']]
	at com.acsm.test.utils.SeleniumUtil.waitForElementToLoad(SeleniumUtil.java:300)
	at com.acsm.test.testpages.stock.inventoryfile.InventoryFile.waitElementsLoad(InventoryFile.java:25)
	at com.acsm.test.testcases.stock.inventoryfile.InventoryStock_Test.inventoryStockWorkflow(InventoryStock_Test.java:24)
	at java.util.concurrent.FutureTask.run(Unknown Source)
	at java.util.concurrent.ThreadPoolExecutor.runWorker(Unknown Source)
	at java.util.concurrent.ThreadPoolExecutor$Worker.run(Unknown Source)
	at java.lang.Thread.run(Unknown Source)
... Removed 17 stack frames]]>
    </failure>
  </testcase> <!-- inventoryStockWorkflow -->
  <testcase name="fileDownload" time="0.0" classname="com.acsm.test.testcases.stock.inventoryfile.InventoryStock_Test">
    <skipped/>
  </testcase> <!-- fileDownload -->
  <testcase name="listVerification" time="0.0" classname="com.acsm.test.testcases.stock.inventoryfile.InventoryStock_Test">
    <skipped/>
  </testcase> <!-- listVerification -->
  <testcase name="stockSearchVerification" time="0.0" classname="com.acsm.test.testcases.stock.inventoryfile.InventoryStock_Test">
    <skipped/>
  </testcase> <!-- stockSearchVerification -->
  <testcase name="collapseDisplayed" time="0.0" classname="com.acsm.test.testcases.stock.inventoryfile.InventoryStock_Test">
    <skipped/>
  </testcase> <!-- collapseDisplayed -->
  <testcase name="collapseHidden" time="0.0" classname="com.acsm.test.testcases.stock.inventoryfile.InventoryStock_Test">
    <ignored/>
  </testcase> <!-- collapseHidden -->
  <testcase name="@BeforeTest startTest" time="0.0" classname="com.acsm.test.base.BaseParpare">
    <ignored/>
  </testcase> <!-- @BeforeTest startTest -->
  <testcase name="@BeforeTest startTest" time="0.0" classname="com.acsm.test.base.BaseParpare">
    <ignored/>
  </testcase> <!-- @BeforeTest startTest -->
  <testcase name="@AfterTest endTest" time="0.0" classname="com.acsm.test.base.BaseParpare">
    <ignored/>
  </testcase> <!-- @AfterTest endTest -->
  <testcase name="@AfterTest endTest" time="0.0" classname="com.acsm.test.base.BaseParpare">
    <ignored/>
  </testcase> <!-- @AfterTest endTest -->
</testsuite> <!-- stock -->
