<!DOCTYPE html PUBLIC "-//W3C//DTD XHTML 1.1//EN" "http://www.w3.org/TR/xhtml11/DTD/xhtml11.dtd">
<html xmlns="http://www.w3.org/1999/xhtml"><head><title>TestNG Report</title><style type="text/css">table {margin-bottom:10px;border-collapse:collapse;empty-cells:show}th,td {border:1px solid #009;padding:.25em .5em}th {vertical-align:bottom}td {vertical-align:top}table a {font-weight:bold}.stripe td {background-color: #E6EBF9}.num {text-align:right}.passedodd td {background-color: #3F3}.passedeven td {background-color: #0A0}.skippedodd td {background-color: #DDD}.skippedeven td {background-color: #CCC}.failedodd td,.attn {background-color: #F33}.failedeven td,.stripe .attn {background-color: #D00}.stacktrace {white-space:pre;font-family:monospace}.totop {font-size:85%;text-align:center;border-bottom:2px solid #000}</style></head><body><table><tr><th>Test</th><th># Passed</th><th># Skipped</th><th># Failed</th><th>Time (ms)</th><th>Included Groups</th><th>Excluded Groups</th></tr><tr><th colspan="7">selenium_2_combat</th></tr><tr><td><a href="#t0">stock</a></td><td class="num">1</td><td class="num attn">8</td><td class="num">0</td><td class="num">18,080</td><td></td><td></td></tr></table><table id='summary'><thead><tr><th>Class</th><th>Method</th><th>Start</th><th>Time (ms)</th></tr></thead><tbody><tr><th colspan="4">selenium_2_combat</th></tr></tbody><tbody id="t0"><tr><th colspan="4">stock &#8212; skipped</th></tr><tr class="skippedeven"><td rowspan="2">com.acsm.test.testcases.stock.enterstock.EnterStock_Test</td><td><a href="#m0">enterStockWorkflow</a></td><td rowspan="2">1493882488072</td><td rowspan="2">23</td></tr><tr class="skippedeven"><td><a href="#m1">enterStockWorkflow</a></td></tr><tr class="skippedodd"><td rowspan="6">com.acsm.test.testcases.stock.inventoryfile.InventoryStock_Test</td><td><a href="#m2">collapseDisplayed</a></td><td rowspan="1">1493882489208</td><td rowspan="1">0</td></tr><tr class="skippedodd"><td><a href="#m3">fileDownload</a></td><td rowspan="1">1493882488844</td><td rowspan="1">0</td></tr><tr class="skippedodd"><td><a href="#m4">inventoryStockWorkflow</a></td><td rowspan="2">1493882488395</td><td rowspan="2">26</td></tr><tr class="skippedodd"><td><a href="#m5">inventoryStockWorkflow</a></td></tr><tr class="skippedodd"><td><a href="#m6">listVerification</a></td><td rowspan="1">1493882488968</td><td rowspan="1">0</td></tr><tr class="skippedodd"><td><a href="#m7">stockSearchVerification</a></td><td rowspan="1">1493882489089</td><td rowspan="1">0</td></tr><tr><th colspan="4">stock &#8212; passed</th></tr><tr class="passedeven"><td rowspan="1">com.acsm.test.testcases.login.LoginSuccessFunction_Test</td><td><a href="#m8">loginSuccessFunction</a></td><td rowspan="1">1493882480140</td><td rowspan="1">7716</td></tr></tbody></table><h2>stock</h2><h3 id="m0">com.acsm.test.testcases.stock.enterstock.EnterStock_Test#enterStockWorkflow</h3><table class="result"><tr><th>Messages</th></tr><tr><td><div class="messages">RunCount=3<br/>result/screenshot/2017_05_04_15_21_28_enterStockWorkflow.jpg<br/><img src="../../result/screenshot/2017_05_04_15_21_28_enterStockWorkflow.jpg"/></div></td></tr><tr><th>Exception</th></tr><tr><td><div class="stacktrace">org.openqa.selenium.NoSuchElementException: no such element: Unable to locate element: {&quot;method&quot;:&quot;xpath&quot;,&quot;selector&quot;:&quot;//img[contains(@src,&apos;left_icon_3.png&apos;)]&quot;}
  (Session info: chrome=56.0.2924.87)
  (Driver info: chromedriver=2.27.440174 (e97a722caafc2d3a8b807ee115bfb307f7d2cfd9),platform=Windows NT 6.1.7601 SP1 x86_64) (WARNING: The server did not provide any stacktrace information)
Command duration or timeout: 12 milliseconds
For documentation on this error, please visit: http://seleniumhq.org/exceptions/no_such_element.html
Build info: version: &apos;3.4.0&apos;, revision: &apos;unknown&apos;, time: &apos;unknown&apos;
System info: host: &apos;PC-201704071546&apos;, ip: &apos;192.168.153.1&apos;, os.name: &apos;Windows 7&apos;, os.arch: &apos;amd64&apos;, os.version: &apos;6.1&apos;, java.version: &apos;1.8.0_111&apos;
Driver info: org.openqa.selenium.chrome.ChromeDriver
Capabilities [{applicationCacheEnabled=false, rotatable=false, mobileEmulationEnabled=false, networkConnectionEnabled=false, chrome={chromedriverVersion=2.27.440174 (e97a722caafc2d3a8b807ee115bfb307f7d2cfd9), userDataDir=C:\Users\ADMINI~1\AppData\Local\Temp\scoped_dir8568_31277}, takesHeapSnapshot=true, pageLoadStrategy=normal, databaseEnabled=false, handlesAlerts=true, hasTouchScreen=false, version=56.0.2924.87, platform=XP, browserConnectionEnabled=false, nativeEvents=true, acceptSslCerts=true, locationContextEnabled=true, webStorageEnabled=true, browserName=chrome, takesScreenshot=true, javascriptEnabled=true, cssSelectorsEnabled=true, unexpectedAlertBehaviour=}]
Session ID: c5dc377aba089d9cd3dbf75cbcdfa63e
*** Element info: {Using=xpath, value=//img[contains(@src,&apos;left_icon_3.png&apos;)]}
	at org.openqa.selenium.remote.ErrorHandler.createThrowable(ErrorHandler.java:215)
	at org.openqa.selenium.remote.ErrorHandler.throwIfResponseFailed(ErrorHandler.java:167)
	at org.openqa.selenium.remote.RemoteWebDriver.execute(RemoteWebDriver.java:671)
	at org.openqa.selenium.remote.RemoteWebDriver.findElement(RemoteWebDriver.java:410)
	at org.openqa.selenium.remote.RemoteWebDriver.findElementByXPath(RemoteWebDriver.java:509)
	at org.openqa.selenium.By$ByXPath.findElement(By.java:361)
	at org.openqa.selenium.remote.RemoteWebDriver.findElement(RemoteWebDriver.java:402)
	at com.acsm.test.utils.SeleniumUtil.highlightElement(SeleniumUtil.java:115)
	at com.acsm.test.utils.SeleniumUtil.mouseMoveToElement(SeleniumUtil.java:549)
	at com.acsm.test.testpages.stock.enter.EnterStock.enterStock(EnterStock.java:20)
	at com.acsm.test.testcases.stock.enterstock.EnterStock_Test.enterStockWorkflow(EnterStock_Test.java:18)
	at java.util.concurrent.FutureTask.run(Unknown Source)
	at java.util.concurrent.ThreadPoolExecutor.runWorker(Unknown Source)
	at java.util.concurrent.ThreadPoolExecutor$Worker.run(Unknown Source)
	at java.lang.Thread.run(Unknown Source)
... Removed 20 stack frames</div></td></tr></table><p class="totop"><a href="#summary">back to summary</a></p><h3 id="m1">com.acsm.test.testcases.stock.enterstock.EnterStock_Test#enterStockWorkflow</h3><table class="result"><tr><th>Messages</th></tr><tr><td><div class="messages">RunCount=2<br/>result/screenshot/2017_05_04_15_21_27_enterStockWorkflow.jpg<br/><img src="../../result/screenshot/2017_05_04_15_21_27_enterStockWorkflow.jpg"/></div></td></tr><tr><th>Exception</th></tr><tr><td><div class="stacktrace">org.openqa.selenium.NoSuchElementException: no such element: Unable to locate element: {&quot;method&quot;:&quot;xpath&quot;,&quot;selector&quot;:&quot;//img[contains(@src,&apos;left_icon_3.png&apos;)]&quot;}
  (Session info: chrome=56.0.2924.87)
  (Driver info: chromedriver=2.27.440174 (e97a722caafc2d3a8b807ee115bfb307f7d2cfd9),platform=Windows NT 6.1.7601 SP1 x86_64) (WARNING: The server did not provide any stacktrace information)
Command duration or timeout: 48 milliseconds
For documentation on this error, please visit: http://seleniumhq.org/exceptions/no_such_element.html
Build info: version: &apos;3.4.0&apos;, revision: &apos;unknown&apos;, time: &apos;unknown&apos;
System info: host: &apos;PC-201704071546&apos;, ip: &apos;192.168.153.1&apos;, os.name: &apos;Windows 7&apos;, os.arch: &apos;amd64&apos;, os.version: &apos;6.1&apos;, java.version: &apos;1.8.0_111&apos;
Driver info: org.openqa.selenium.chrome.ChromeDriver
Capabilities [{applicationCacheEnabled=false, rotatable=false, mobileEmulationEnabled=false, networkConnectionEnabled=false, chrome={chromedriverVersion=2.27.440174 (e97a722caafc2d3a8b807ee115bfb307f7d2cfd9), userDataDir=C:\Users\ADMINI~1\AppData\Local\Temp\scoped_dir8568_31277}, takesHeapSnapshot=true, pageLoadStrategy=normal, databaseEnabled=false, handlesAlerts=true, hasTouchScreen=false, version=56.0.2924.87, platform=XP, browserConnectionEnabled=false, nativeEvents=true, acceptSslCerts=true, locationContextEnabled=true, webStorageEnabled=true, browserName=chrome, takesScreenshot=true, javascriptEnabled=true, cssSelectorsEnabled=true, unexpectedAlertBehaviour=}]
Session ID: c5dc377aba089d9cd3dbf75cbcdfa63e
*** Element info: {Using=xpath, value=//img[contains(@src,&apos;left_icon_3.png&apos;)]}
	at org.openqa.selenium.remote.ErrorHandler.createThrowable(ErrorHandler.java:215)
	at org.openqa.selenium.remote.ErrorHandler.throwIfResponseFailed(ErrorHandler.java:167)
	at org.openqa.selenium.remote.RemoteWebDriver.execute(RemoteWebDriver.java:671)
	at org.openqa.selenium.remote.RemoteWebDriver.findElement(RemoteWebDriver.java:410)
	at org.openqa.selenium.remote.RemoteWebDriver.findElementByXPath(RemoteWebDriver.java:509)
	at org.openqa.selenium.By$ByXPath.findElement(By.java:361)
	at org.openqa.selenium.remote.RemoteWebDriver.findElement(RemoteWebDriver.java:402)
	at com.acsm.test.utils.SeleniumUtil.highlightElement(SeleniumUtil.java:115)
	at com.acsm.test.utils.SeleniumUtil.mouseMoveToElement(SeleniumUtil.java:549)
	at com.acsm.test.testpages.stock.enter.EnterStock.enterStock(EnterStock.java:20)
	at com.acsm.test.testcases.stock.enterstock.EnterStock_Test.enterStockWorkflow(EnterStock_Test.java:18)
	at java.util.concurrent.FutureTask.run(Unknown Source)
	at java.util.concurrent.ThreadPoolExecutor.runWorker(Unknown Source)
	at java.util.concurrent.ThreadPoolExecutor$Worker.run(Unknown Source)
	at java.lang.Thread.run(Unknown Source)
... Removed 20 stack frames</div></td></tr></table><p class="totop"><a href="#summary">back to summary</a></p><h3 id="m2">com.acsm.test.testcases.stock.inventoryfile.InventoryStock_Test#collapseDisplayed</h3><table class="result"><tr><th>Messages</th></tr><tr><td><div class="messages">result/screenshot/2017_05_04_15_21_29_collapseDisplayed.jpg<br/><img src="../../result/screenshot/2017_05_04_15_21_29_collapseDisplayed.jpg"/></div></td></tr><tr><th>Exception</th></tr><tr><td><div class="stacktrace">java.lang.Throwable: Method InventoryStock_Test.collapseDisplayed()[pri:0, instance:com.acsm.test.testcases.stock.inventoryfile.InventoryStock_Test@34c4973] depends on not successfully finished methods
	at java.util.concurrent.FutureTask.run(Unknown Source)
	at java.util.concurrent.ThreadPoolExecutor.runWorker(Unknown Source)
	at java.util.concurrent.ThreadPoolExecutor$Worker.run(Unknown Source)
	at java.lang.Thread.run(Unknown Source)
... Removed 9 stack frames</div></td></tr></table><p class="totop"><a href="#summary">back to summary</a></p><h3 id="m3">com.acsm.test.testcases.stock.inventoryfile.InventoryStock_Test#fileDownload</h3><table class="result"><tr><th>Messages</th></tr><tr><td><div class="messages">result/screenshot/2017_05_04_15_21_28_fileDownload.jpg<br/><img src="../../result/screenshot/2017_05_04_15_21_28_fileDownload.jpg"/></div></td></tr><tr><th>Exception</th></tr><tr><td><div class="stacktrace">java.lang.Throwable: Method InventoryStock_Test.fileDownload()[pri:0, instance:com.acsm.test.testcases.stock.inventoryfile.InventoryStock_Test@34c4973] depends on not successfully finished methods
	at java.util.concurrent.FutureTask.run(Unknown Source)
	at java.util.concurrent.ThreadPoolExecutor.runWorker(Unknown Source)
	at java.util.concurrent.ThreadPoolExecutor$Worker.run(Unknown Source)
	at java.lang.Thread.run(Unknown Source)
... Removed 9 stack frames</div></td></tr></table><p class="totop"><a href="#summary">back to summary</a></p><h3 id="m4">com.acsm.test.testcases.stock.inventoryfile.InventoryStock_Test#inventoryStockWorkflow</h3><table class="result"><tr><th>Messages</th></tr><tr><td><div class="messages">RunCount=2<br/>result/screenshot/2017_05_04_15_21_28_inventoryStockWorkflow.jpg<br/><img src="../../result/screenshot/2017_05_04_15_21_28_inventoryStockWorkflow.jpg"/></div></td></tr><tr><th>Exception</th></tr><tr><td><div class="stacktrace">java.lang.AssertionError: 超时!! 0 秒之后还没找到元素 [By.xpath: //div[@class=&apos;inbentory_level&apos;]]
	at com.acsm.test.utils.SeleniumUtil.waitForElementToLoad(SeleniumUtil.java:300)
	at com.acsm.test.testpages.stock.inventoryfile.InventoryFile.waitElementsLoad(InventoryFile.java:25)
	at com.acsm.test.testcases.stock.inventoryfile.InventoryStock_Test.inventoryStockWorkflow(InventoryStock_Test.java:24)
	at java.util.concurrent.FutureTask.run(Unknown Source)
	at java.util.concurrent.ThreadPoolExecutor.runWorker(Unknown Source)
	at java.util.concurrent.ThreadPoolExecutor$Worker.run(Unknown Source)
	at java.lang.Thread.run(Unknown Source)
... Removed 17 stack frames</div></td></tr></table><p class="totop"><a href="#summary">back to summary</a></p><h3 id="m5">com.acsm.test.testcases.stock.inventoryfile.InventoryStock_Test#inventoryStockWorkflow</h3><table class="result"><tr><th>Messages</th></tr><tr><td><div class="messages">RunCount=3<br/>result/screenshot/2017_05_04_15_21_28_inventoryStockWorkflow.jpg<br/><img src="../../result/screenshot/2017_05_04_15_21_28_inventoryStockWorkflow.jpg"/></div></td></tr><tr><th>Exception</th></tr><tr><td><div class="stacktrace">java.lang.AssertionError: 超时!! 0 秒之后还没找到元素 [By.xpath: //div[@class=&apos;inbentory_level&apos;]]
	at com.acsm.test.utils.SeleniumUtil.waitForElementToLoad(SeleniumUtil.java:300)
	at com.acsm.test.testpages.stock.inventoryfile.InventoryFile.waitElementsLoad(InventoryFile.java:25)
	at com.acsm.test.testcases.stock.inventoryfile.InventoryStock_Test.inventoryStockWorkflow(InventoryStock_Test.java:24)
	at java.util.concurrent.FutureTask.run(Unknown Source)
	at java.util.concurrent.ThreadPoolExecutor.runWorker(Unknown Source)
	at java.util.concurrent.ThreadPoolExecutor$Worker.run(Unknown Source)
	at java.lang.Thread.run(Unknown Source)
... Removed 17 stack frames</div></td></tr></table><p class="totop"><a href="#summary">back to summary</a></p><h3 id="m6">com.acsm.test.testcases.stock.inventoryfile.InventoryStock_Test#listVerification</h3><table class="result"><tr><th>Messages</th></tr><tr><td><div class="messages">result/screenshot/2017_05_04_15_21_28_listVerification.jpg<br/><img src="../../result/screenshot/2017_05_04_15_21_28_listVerification.jpg"/></div></td></tr><tr><th>Exception</th></tr><tr><td><div class="stacktrace">java.lang.Throwable: Method InventoryStock_Test.listVerification()[pri:0, instance:com.acsm.test.testcases.stock.inventoryfile.InventoryStock_Test@34c4973] depends on not successfully finished methods
	at java.util.concurrent.FutureTask.run(Unknown Source)
	at java.util.concurrent.ThreadPoolExecutor.runWorker(Unknown Source)
	at java.util.concurrent.ThreadPoolExecutor$Worker.run(Unknown Source)
	at java.lang.Thread.run(Unknown Source)
... Removed 9 stack frames</div></td></tr></table><p class="totop"><a href="#summary">back to summary</a></p><h3 id="m7">com.acsm.test.testcases.stock.inventoryfile.InventoryStock_Test#stockSearchVerification</h3><table class="result"><tr><th>Messages</th></tr><tr><td><div class="messages">result/screenshot/2017_05_04_15_21_29_stockSearchVerification.jpg<br/><img src="../../result/screenshot/2017_05_04_15_21_29_stockSearchVerification.jpg"/></div></td></tr><tr><th>Exception</th></tr><tr><td><div class="stacktrace">java.lang.Throwable: Method InventoryStock_Test.stockSearchVerification()[pri:0, instance:com.acsm.test.testcases.stock.inventoryfile.InventoryStock_Test@34c4973] depends on not successfully finished methods
	at java.util.concurrent.FutureTask.run(Unknown Source)
	at java.util.concurrent.ThreadPoolExecutor.runWorker(Unknown Source)
	at java.util.concurrent.ThreadPoolExecutor$Worker.run(Unknown Source)
	at java.lang.Thread.run(Unknown Source)
... Removed 9 stack frames</div></td></tr></table><p class="totop"><a href="#summary">back to summary</a></p><h3 id="m8">com.acsm.test.testcases.login.LoginSuccessFunction_Test#loginSuccessFunction</h3><table class="result"></table><p class="totop"><a href="#summary">back to summary</a></p></body></html>